2015-04-01 18:44:09 Debug: Notice (1024): Please change the value of 'Security.salt' in app/config/core.php to a salt value specific to your application in [C:\xampp\htdocs\cake_test_project\cake\libs\debugger.php, line 697]
2015-04-01 18:44:09 Debug: Notice (1024): Please change the value of 'Security.cipherSeed' in app/config/core.php to a numeric (digits only) seed value specific to your application in [C:\xampp\htdocs\cake_test_project\cake\libs\debugger.php, line 701]
2015-04-01 18:49:48 Debug: Notice (1024): Please change the value of 'Security.salt' in app/config/core.php to a salt value specific to your application in [C:\xampp\htdocs\cake_test_project\cake\libs\debugger.php, line 697]
2015-04-01 18:49:48 Debug: Notice (1024): Please change the value of 'Security.cipherSeed' in app/config/core.php to a numeric (digits only) seed value specific to your application in [C:\xampp\htdocs\cake_test_project\cake\libs\debugger.php, line 701]
2015-04-01 18:50:19 Debug: Notice (1024): Please change the value of 'Security.salt' in app/config/core.php to a salt value specific to your application in [C:\xampp\htdocs\cake_test_project\cake\libs\debugger.php, line 697]
2015-04-01 18:50:19 Debug: Notice (1024): Please change the value of 'Security.cipherSeed' in app/config/core.php to a numeric (digits only) seed value specific to your application in [C:\xampp\htdocs\cake_test_project\cake\libs\debugger.php, line 701]
2015-04-01 19:05:31 Debug: Notice (1024): Please change the value of 'Security.salt' in app/config/core.php to a salt value specific to your application in [C:\xampp\htdocs\cake_test_project\cake\libs\debugger.php, line 697]
2015-04-01 19:05:31 Debug: Notice (1024): Please change the value of 'Security.cipherSeed' in app/config/core.php to a numeric (digits only) seed value specific to your application in [C:\xampp\htdocs\cake_test_project\cake\libs\debugger.php, line 701]
2015-04-02 10:14:04 Debug: Notice (8): Undefined property: UsersController::$request in [C:\xampp\htdocs\cake_test_project\app\controllers\users_controller.php, line 11]
2015-04-02 10:14:04 Debug: Notice (8): Trying to get property of non-object in [C:\xampp\htdocs\cake_test_project\app\controllers\users_controller.php, line 11]
2015-04-02 10:14:07 Debug: Notice (8): Undefined property: UsersController::$request in [C:\xampp\htdocs\cake_test_project\app\controllers\users_controller.php, line 11]
2015-04-02 10:14:07 Debug: Notice (8): Trying to get property of non-object in [C:\xampp\htdocs\cake_test_project\app\controllers\users_controller.php, line 11]
2015-04-02 10:14:19 Debug: Notice (8): Undefined property: UsersController::$request in [C:\xampp\htdocs\cake_test_project\app\controllers\users_controller.php, line 11]
2015-04-02 10:14:19 Debug: Notice (8): Trying to get property of non-object in [C:\xampp\htdocs\cake_test_project\app\controllers\users_controller.php, line 11]
2015-04-02 10:15:16 Debug: Notice (8): Undefined property: UsersController::$request in [C:\xampp\htdocs\cake_test_project\app\controllers\users_controller.php, line 11]
2015-04-02 10:15:16 Debug: Notice (8): Trying to get property of non-object in [C:\xampp\htdocs\cake_test_project\app\controllers\users_controller.php, line 11]
2015-04-02 10:17:55 Debug: Notice (8): Undefined property: UsersController::$request in [C:\xampp\htdocs\cake_test_project\app\controllers\users_controller.php, line 11]
2015-04-02 10:17:55 Debug: Notice (8): Trying to get property of non-object in [C:\xampp\htdocs\cake_test_project\app\controllers\users_controller.php, line 11]
2015-04-02 10:18:32 Debug: Notice (8): Undefined property: UsersController::$request in [C:\xampp\htdocs\cake_test_project\app\controllers\users_controller.php, line 11]
2015-04-02 10:18:32 Debug: Notice (8): Trying to get property of non-object in [C:\xampp\htdocs\cake_test_project\app\controllers\users_controller.php, line 11]
2015-04-03 00:30:41 Debug: Notice (8): Undefined index: text in [C:\w-server\domains\cake\app\controllers\users_controller.php, line 12]
